  project2.cpp
c:\users\alec\git\csce-4813-computer-graphics\project2\project2.cpp(31): warning C4244: 'initializing': conversion from 'double' to 'float', possible loss of data
c:\users\alec\git\csce-4813-computer-graphics\project2\project2.cpp(32): warning C4244: '=': conversion from 'double' to 'float', possible loss of data
c:\users\alec\git\csce-4813-computer-graphics\project2\project2.cpp(33): warning C4244: '=': conversion from 'double' to 'float', possible loss of data
c:\users\alec\git\csce-4813-computer-graphics\project2\project2.cpp(40): warning C4244: 'initializing': conversion from 'double' to 'float', possible loss of data
c:\users\alec\git\csce-4813-computer-graphics\project2\project2.cpp(60): warning C4244: 'initializing': conversion from 'double' to 'float', possible loss of data
c:\users\alec\git\csce-4813-computer-graphics\project2\project2.cpp(61): warning C4244: '=': conversion from 'double' to 'float', possible loss of data
c:\users\alec\git\csce-4813-computer-graphics\project2\project2.cpp(62): warning C4244: '=': conversion from 'double' to 'float', possible loss of data
c:\users\alec\git\csce-4813-computer-graphics\project2\project2.cpp(69): warning C4244: 'initializing': conversion from 'double' to 'float', possible loss of data
c:\users\alec\git\csce-4813-computer-graphics\project2\project2.cpp(122): warning C4244: 'argument': conversion from 'double' to 'GLfloat', possible loss of data
c:\users\alec\git\csce-4813-computer-graphics\project2\project2.cpp(130): warning C4244: 'argument': conversion from 'double' to 'GLfloat', possible loss of data
c:\users\alec\git\csce-4813-computer-graphics\project2\project2.cpp(138): warning C4244: 'argument': conversion from 'double' to 'GLfloat', possible loss of data
c:\users\alec\git\csce-4813-computer-graphics\project2\project2.cpp(146): warning C4244: 'argument': conversion from 'double' to 'GLfloat', possible loss of data
c:\users\alec\git\csce-4813-computer-graphics\project2\project2.cpp(155): warning C4244: 'argument': conversion from 'double' to 'GLfloat', possible loss of data
c:\users\alec\git\csce-4813-computer-graphics\project2\project2.cpp(170): warning C4305: 'initializing': truncation from 'double' to 'float'
c:\users\alec\git\csce-4813-computer-graphics\project2\project2.cpp(288): warning C4305: 'initializing': truncation from 'double' to 'float'
c:\users\alec\git\csce-4813-computer-graphics\project2\project2.cpp(289): warning C4305: 'initializing': truncation from 'double' to 'float'
c:\users\alec\git\csce-4813-computer-graphics\project2\project2.cpp(290): warning C4305: 'initializing': truncation from 'double' to 'float'
c:\users\alec\git\csce-4813-computer-graphics\project2\project2.cpp(291): warning C4305: 'initializing': truncation from 'double' to 'float'
c:\users\alec\git\csce-4813-computer-graphics\project2\project2.cpp(292): warning C4305: 'initializing': truncation from 'double' to 'float'
c:\users\alec\git\csce-4813-computer-graphics\project2\project2.cpp(293): warning C4305: 'initializing': truncation from 'double' to 'float'
c:\users\alec\git\csce-4813-computer-graphics\project2\project2.cpp(300): warning C4244: 'argument': conversion from 'int' to 'GLfloat', possible loss of data
c:\users\alec\git\csce-4813-computer-graphics\project2\project2.cpp(301): warning C4244: 'argument': conversion from 'int' to 'GLfloat', possible loss of data
  project2.vcxproj -> C:\Users\Alec\git\CSCE-4813-Computer-Graphics\project2\x64\Debug\project2.exe
